[21:55:15] [main/INFO]: Environment: authHost='https://authserver.mojang.com', accountsHost='https://api.mojang.com', sessionHost='https://sessionserver.mojang.com', name='PROD'
[21:55:16] [main/WARN]: Ambiguity between arguments [teleport, destination] and [teleport, targets] with inputs: [Player, 0123, @e, dd12be42-52a9-4a91-a8a1-11c01849e498]
[21:55:16] [main/WARN]: Ambiguity between arguments [teleport, location] and [teleport, destination] with inputs: [0.1 -0.5 .9, 0 0 0]
[21:55:16] [main/WARN]: Ambiguity between arguments [teleport, location] and [teleport, targets] with inputs: [0.1 -0.5 .9, 0 0 0]
[21:55:16] [main/WARN]: Ambiguity between arguments [teleport, targets] and [teleport, destination] with inputs: [Player, 0123, dd12be42-52a9-4a91-a8a1-11c01849e498]
[21:55:16] [main/WARN]: Ambiguity between arguments [teleport, targets, location] and [teleport, targets, destination] with inputs: [0.1 -0.5 .9, 0 0 0]
[21:55:16] [main/INFO]: Reloading ResourceManager: Default
[21:55:17] [Worker-Main-13/INFO]: Loaded 7 recipes
[21:55:17] [Worker-Main-13/INFO]: Loaded 927 advancements
[21:55:18] [Server thread/INFO]: Starting minecraft server version 1.16.3
[21:55:18] [Server thread/INFO]: Loading properties
[21:55:18] [Server thread/INFO]: Default game type: SURVIVAL
[21:55:18] [Server thread/INFO]: Generating keypair
[21:55:18] [Server thread/INFO]: Starting Minecraft server on 187.255.160.227:25565
[21:55:18] [Server thread/INFO]: Using default channel type
[21:55:19] [Server thread/WARN]: **** FAILED TO BIND TO PORT!
[21:55:19] [Server thread/WARN]: The exception was: java.net.BindException: Cannot assign requested address: bind
[21:55:19] [Server thread/WARN]: Perhaps a server is already running on that port?
[21:55:19] [Server thread/INFO]: Stopping server
[21:55:19] [Server thread/INFO]: Saving worlds
[21:55:19] [Server thread/ERROR]: Exception stopping the server
java.lang.NullPointerException: null
	at net.minecraft.server.MinecraftServer.a(SourceFile:569) ~[server.jar:?]
	at net.minecraft.server.MinecraftServer.t(SourceFile:596) ~[server.jar:?]
	at zg.t(SourceFile:558) ~[server.jar:?]
	at net.minecraft.server.MinecraftServer.w(SourceFile:704) ~[server.jar:?]
	at net.minecraft.server.MinecraftServer.a(SourceFile:254) ~[server.jar:?]
	at java.lang.Thread.run(Unknown Source) [?:1.8.0_261]
